============================= test session starts =============================
platform win32 -- Python 3.11.0, pytest-9.0.1, pluggy-1.6.0 -- C:\Users\juani\AppData\Local\Programs\Python\Python311\python.exe
cachedir: .pytest_cache
rootdir: C:\Users\juani\Desktop\Fase-3-v2.0
configfile: pytest.ini
plugins: anyio-4.11.0, langsmith-0.4.56, asyncio-1.3.0, cov-7.0.0
asyncio: mode=Mode.STRICT, debug=False, asyncio_default_fixture_loop_scope=None, asyncio_default_test_loop_scope=function
collecting ... collected 1 item

tests/test_e2e_full_workflow.py::test_full_e2e_workflow PASSED           [100%]

======================== 1 passed in 253.61s (0:04:13) ========================
